<?xml version="1.0" encoding="UTF-8" ?>
<testsuite failures="0" time="144.355" errors="2" skipped="0" tests="2" name="com.saucelabs.ZalerioTest.test.Create3UserGameTest">
  <properties>
[...]
</properties>
  <testcase time="144.348" classname="com.saucelabs.ZalerioTest.test.Create3UserGameTest" name="createGame">
    <error message="Job 17a63933f3384caaae83fe0b7edf1fb8 has already finished, and can&apos;t receive further commands. It may have experienced an error. You can learn more at https://saucelabs.com/jobs/17a63933f3384caaae83fe0b7edf1fb8 (WARNING: The server did not provide any stacktrace information)
Command duration or timeout: 352 milliseconds
Build info: version: &apos;2.28.0&apos;, revision: &apos;18309&apos;, time: &apos;2012-12-11 15:53:30&apos;
System info: os.name: &apos;Windows 8&apos;, os.arch: &apos;x86&apos;, os.version: &apos;6.2&apos;, java.version: &apos;1.7.0_09&apos;
Session ID: 17a63933f3384caaae83fe0b7edf1fb8
Driver info: org.openqa.selenium.remote.RemoteWebDriver
Capabilities [{platform=XP, chrome.chromedriverVersion=23.0.1240.0, acceptSslCerts=false, javascriptEnabled=true, hasMetadata=true, browserName=chrome, rotatable=false, locationContextEnabled=false, version=22.0.1229.94, cssSelectorsEnabled=true, databaseEnabled=false, handlesAlerts=true, browserConnectionEnabled=false, webStorageEnabled=true, nativeEvents=true, chrome.nativeEvents=false, applicationCacheEnabled=false, takesScreenshot=true}]" type="org.openqa.selenium.WebDriverException">org.openqa.selenium.WebDriverException: Job 17a63933f3384caaae83fe0b7edf1fb8 has already finished, and can&apos;t receive further commands. It may have experienced an error. You can learn more at https://saucelabs.com/jobs/17a63933f3384caaae83fe0b7edf1fb8 (WARNING: The server did not provide any stacktrace information)
Command duration or timeout: 352 milliseconds
Build info: version: &apos;2.28.0&apos;, revision: &apos;18309&apos;, time: &apos;2012-12-11 15:53:30&apos;
System info: os.name: &apos;Windows 8&apos;, os.arch: &apos;x86&apos;, os.version: &apos;6.2&apos;, java.version: &apos;1.7.0_09&apos;
Session ID: 17a63933f3384caaae83fe0b7edf1fb8
Driver info: org.openqa.selenium.remote.RemoteWebDriver
Capabilities [{platform=XP, chrome.chromedriverVersion=23.0.1240.0, acceptSslCerts=false, javascriptEnabled=true, hasMetadata=true, browserName=chrome, rotatable=false, locationContextEnabled=false, version=22.0.1229.94, cssSelectorsEnabled=true, databaseEnabled=false, handlesAlerts=true, browserConnectionEnabled=false, webStorageEnabled=true, nativeEvents=true, chrome.nativeEvents=false, applicationCacheEnabled=false, takesScreenshot=true}]
	at sun.reflect.NativeConstructorAccessorImpl.newInstance0(Native Method)
	at sun.reflect.NativeConstructorAccessorImpl.newInstance(Unknown Source)
	at sun.reflect.DelegatingConstructorAccessorImpl.newInstance(Unknown Source)
	at java.lang.reflect.Constructor.newInstance(Unknown Source)
	at org.openqa.selenium.remote.ErrorHandler.createThrowable(ErrorHandler.java:187)
	at org.openqa.selenium.remote.ErrorHandler.throwIfResponseFailed(ErrorHandler.java:145)
	at org.openqa.selenium.remote.RemoteWebDriver.execute(RemoteWebDriver.java:533)
	at org.openqa.selenium.remote.RemoteWebDriver.get(RemoteWebDriver.java:276)
	at com.saucelabs.ZalerioTest.config.UserLogin.Olduserlogin(UserLogin.java:10)
	at com.saucelabs.ZalerioTest.test.Zalerio2UserBaseTest.setUp(Zalerio2UserBaseTest.java:181)
	at sun.reflect.NativeMethodAccessorImpl.invoke0(Native Method)
	at sun.reflect.NativeMethodAccessorImpl.invoke(Unknown Source)
	at sun.reflect.DelegatingMethodAccessorImpl.invoke(Unknown Source)
	at java.lang.reflect.Method.invoke(Unknown Source)
	at org.junit.runners.model.FrameworkMethod$1.runReflectiveCall(FrameworkMethod.java:45)
	at org.junit.internal.runners.model.ReflectiveCallable.run(ReflectiveCallable.java:15)
	at org.junit.runners.model.FrameworkMethod.invokeExplosively(FrameworkMethod.java:42)
	at org.junit.internal.runners.statements.RunBefores.evaluate(RunBefores.java:27)
	at org.junit.internal.runners.statements.RunAfters.evaluate(RunAfters.java:30)
	at org.junit.rules.TestWatcher$1.evaluate(TestWatcher.java:47)
	at org.junit.rules.TestWatcher$1.evaluate(TestWatcher.java:47)
	at org.junit.rules.RunRules.evaluate(RunRules.java:18)
	at org.junit.runners.ParentRunner.runLeaf(ParentRunner.java:263)
	at org.junit.runners.BlockJUnit4ClassRunner.runChild(BlockJUnit4ClassRunner.java:68)
	at org.junit.runners.BlockJUnit4ClassRunner.runChild(BlockJUnit4ClassRunner.java:47)
	at org.junit.runners.ParentRunner$3.run(ParentRunner.java:231)
	at org.junit.runners.ParentRunner$1.schedule(ParentRunner.java:60)
	at org.junit.runners.ParentRunner.runChildren(ParentRunner.java:229)
	at org.junit.runners.ParentRunner.access$000(ParentRunner.java:50)
	at org.junit.runners.ParentRunner$2.evaluate(ParentRunner.java:222)
	at org.junit.runners.ParentRunner.run(ParentRunner.java:300)
	at org.apache.maven.surefire.junit4.JUnit4TestSet.execute(JUnit4TestSet.java:53)
	at org.apache.maven.surefire.junit4.JUnit4Provider.executeTestSet(JUnit4Provider.java:123)
	at org.apache.maven.surefire.junit4.JUnit4Provider.invoke(JUnit4Provider.java:104)
	at sun.reflect.NativeMethodAccessorImpl.invoke0(Native Method)
	at sun.reflect.NativeMethodAccessorImpl.invoke(Unknown Source)
	at sun.reflect.DelegatingMethodAccessorImpl.invoke(Unknown Source)
	at java.lang.reflect.Method.invoke(Unknown Source)
	at org.apache.maven.surefire.util.ReflectionUtils.invokeMethodWithArray(ReflectionUtils.java:164)
	at org.apache.maven.surefire.booter.ProviderFactory$ProviderProxy.invoke(ProviderFactory.java:110)
	at org.apache.maven.surefire.booter.SurefireStarter.invokeProvider(SurefireStarter.java:175)
	at org.apache.maven.surefire.booter.SurefireStarter.runSuitesInProcessWhenForked(SurefireStarter.java:107)
	at org.apache.maven.surefire.booter.ForkedBooter.main(ForkedBooter.java:68)
</error>
    <system-out>SauceOnDemandSessionID=17a63933f3384caaae83fe0b7edf1fb8 job-name=com.saucelabs.ZalerioTest.test.Create3UserGameTest.createGame
</system-out>
    <system-err>org.openqa.selenium.ElementNotVisibleException: Element must be displayed to click (WARNING: The server did not provide any stacktrace information)
Command duration or timeout: 35 milliseconds
Build info: version: &apos;2.18.0&apos;, revision: &apos;15704&apos;, time: &apos;2012-07-21 01:03:50&apos;
System info: os.name: &apos;Windows 7&apos;, os.arch: &apos;x86&apos;, os.version: &apos;6.1&apos;, java.version: &apos;1.6.0_31&apos;
Driver info: driver.version: RemoteWebDriver
Command duration or timeout: 5.59 seconds
Build info: version: &apos;2.28.0&apos;, revision: &apos;18309&apos;, time: &apos;2012-12-11 15:53:30&apos;
System info: os.name: &apos;Windows 8&apos;, os.arch: &apos;x86&apos;, os.version: &apos;6.2&apos;, java.version: &apos;1.7.0_09&apos;
Session ID: 735a2fbc38894534ae3f2fd3fc613aae
Driver info: org.openqa.selenium.remote.RemoteWebDriver
Capabilities [{platform=XP, chrome.chromedriverVersion=23.0.1240.0, acceptSslCerts=false, javascriptEnabled=true, hasMetadata=true, browserName=chrome, rotatable=false, locationContextEnabled=false, version=22.0.1229.94, cssSelectorsEnabled=true, databaseEnabled=false, handlesAlerts=true, browserConnectionEnabled=false, webStorageEnabled=true, nativeEvents=true, chrome.nativeEvents=false, applicationCacheEnabled=false, takesScreenshot=true}]
	at sun.reflect.NativeConstructorAccessorImpl.newInstance0(Native Method)
	at sun.reflect.NativeConstructorAccessorImpl.newInstance(Unknown Source)
	at sun.reflect.DelegatingConstructorAccessorImpl.newInstance(Unknown Source)
	at java.lang.reflect.Constructor.newInstance(Unknown Source)
	at org.openqa.selenium.remote.ErrorHandler.createThrowable(ErrorHandler.java:187)
	at org.openqa.selenium.remote.ErrorHandler.throwIfResponseFailed(ErrorHandler.java:145)
	at org.openqa.selenium.remote.RemoteWebDriver.execute(RemoteWebDriver.java:533)
	at org.openqa.selenium.remote.RemoteWebElement.execute(RemoteWebElement.java:246)
	at org.openqa.selenium.remote.RemoteWebElement.click(RemoteWebElement.java:79)
	at com.saucelabs.ZalerioTest.config.Popup.closePopup(Popup.java:15)
	at com.saucelabs.ZalerioTest.config.UserLogin.Olduserlogin(UserLogin.java:73)
	at com.saucelabs.ZalerioTest.test.Zalerio2UserBaseTest.setUp(Zalerio2UserBaseTest.java:180)
	at sun.reflect.NativeMethodAccessorImpl.invoke0(Native Method)
	at sun.reflect.NativeMethodAccessorImpl.invoke(Unknown Source)
	at sun.reflect.DelegatingMethodAccessorImpl.invoke(Unknown Source)
	at java.lang.reflect.Method.invoke(Unknown Source)
	at org.junit.runners.model.FrameworkMethod$1.runReflectiveCall(FrameworkMethod.java:45)
	at org.junit.internal.runners.model.ReflectiveCallable.run(ReflectiveCallable.java:15)
	at org.junit.runners.model.FrameworkMethod.invokeExplosively(FrameworkMethod.java:42)
	at org.junit.internal.runners.statements.RunBefores.evaluate(RunBefores.java:27)
	at org.junit.internal.runners.statements.RunAfters.evaluate(RunAfters.java:30)
	at org.junit.rules.TestWatcher$1.evaluate(TestWatcher.java:47)
	at org.junit.rules.TestWatcher$1.evaluate(TestWatcher.java:47)
	at org.junit.rules.RunRules.evaluate(RunRules.java:18)
	at org.junit.runners.ParentRunner.runLeaf(ParentRunner.java:263)
	at org.junit.runners.BlockJUnit4ClassRunner.runChild(BlockJUnit4ClassRunner.java:68)
	at org.junit.runners.BlockJUnit4ClassRunner.runChild(BlockJUnit4ClassRunner.java:47)
	at org.junit.runners.ParentRunner$3.run(ParentRunner.java:231)
	at org.junit.runners.ParentRunner$1.schedule(ParentRunner.java:60)
	at org.junit.runners.ParentRunner.runChildren(ParentRunner.java:229)
	at org.junit.runners.ParentRunner.access$000(ParentRunner.java:50)
	at org.junit.runners.ParentRunner$2.evaluate(ParentRunner.java:222)
	at org.junit.runners.ParentRunner.run(ParentRunner.java:300)
	at org.apache.maven.surefire.junit4.JUnit4TestSet.execute(JUnit4TestSet.java:53)
	at org.apache.maven.surefire.junit4.JUnit4Provider.executeTestSet(JUnit4Provider.java:123)
	at org.apache.maven.surefire.junit4.JUnit4Provider.invoke(JUnit4Provider.java:104)
	at sun.reflect.NativeMethodAccessorImpl.invoke0(Native Method)
	at sun.reflect.NativeMethodAccessorImpl.invoke(Unknown Source)
	at sun.reflect.DelegatingMethodAccessorImpl.invoke(Unknown Source)
	at java.lang.reflect.Method.invoke(Unknown Source)
	at org.apache.maven.surefire.util.ReflectionUtils.invokeMethodWithArray(ReflectionUtils.java:164)
	at org.apache.maven.surefire.booter.ProviderFactory$ProviderProxy.invoke(ProviderFactory.java:110)
	at org.apache.maven.surefire.booter.SurefireStarter.invokeProvider(SurefireStarter.java:175)
	at org.apache.maven.surefire.booter.SurefireStarter.runSuitesInProcessWhenForked(SurefireStarter.java:107)
	at org.apache.maven.surefire.booter.ForkedBooter.main(ForkedBooter.java:68)
Caused by: org.openqa.selenium.ElementNotVisibleException: Element must be displayed to click (WARNING: The server did not provide any stacktrace information)
Command duration or timeout: 35 milliseconds
Build info: version: &apos;2.18.0&apos;, revision: &apos;15704&apos;, time: &apos;2012-07-21 01:03:50&apos;
System info: os.name: &apos;Windows 7&apos;, os.arch: &apos;x86&apos;, os.version: &apos;6.1&apos;, java.version: &apos;1.6.0_31&apos;
Driver info: driver.version: RemoteWebDriver
Build info: version: &apos;2.28.0&apos;, revision: &apos;18309&apos;, time: &apos;2012-12-11 15:53:30&apos;
System info: os.name: &apos;Windows 8&apos;, os.arch: &apos;x86&apos;, os.version: &apos;6.2&apos;, java.version: &apos;1.7.0_09&apos;
Driver info: driver.version: RemoteWebDriver
	at sun.reflect.NativeConstructorAccessorImpl.newInstance0(Native Method)
	at sun.reflect.NativeConstructorAccessorImpl.newInstance(Unknown Source)
	at sun.reflect.DelegatingConstructorAccessorImpl.newInstance(Unknown Source)
	at java.lang.reflect.Constructor.newInstance(Unknown Source)
	at org.openqa.selenium.remote.ErrorHandler.createThrowable(ErrorHandler.java:147)
	at org.openqa.selenium.remote.ErrorHandler.throwIfResponseFailed(ErrorHandler.java:113)
	at org.openqa.selenium.remote.RemoteWebDriver.execute(RemoteWebDriver.java:439)
	at org.openqa.selenium.remote.RemoteWebElement.execute(RemoteWebElement.java:231)
	at org.openqa.selenium.remote.RemoteWebElement.click(RemoteWebElement.java:72)
	at sun.reflect.NativeMethodAccessorImpl.invoke0(Native Method)
	at sun.reflect.NativeMethodAccessorImpl.invoke(Unknown Source)
	at sun.reflect.DelegatingMethodAccessorImpl.invoke(Unknown Source)
	at java.lang.reflect.Method.invoke(Unknown Source)
	at org.openqa.selenium.support.events.EventFiringWebDriver$EventFiringWebElement$1.invoke(EventFiringWebDriver.java:326)
	at $Proxy2.click(Unknown Source)
	at org.openqa.selenium.support.events.EventFiringWebDriver$EventFiringWebElement.click(EventFiringWebDriver.java:339)
	at sun.reflect.NativeMethodAccessorImpl.invoke0(Native Method)
	at sun.reflect.NativeMethodAccessorImpl.invoke(Unknown Source)
	at sun.reflect.DelegatingMethodAccessorImpl.invoke(Unknown Source)
	at java.lang.reflect.Method.invoke(Unknown Source)
	at org.openqa.selenium.remote.server.KnownElements$1.invoke(KnownElements.java:62)
	at $Proxy3.click(Unknown Source)
	at org.openqa.selenium.remote.server.handler.ClickElement.call(ClickElement.java:30)
	at org.openqa.selenium.remote.server.handler.ClickElement.call(ClickElement.java:1)
	at java.util.concurrent.FutureTask$Sync.innerRun(Unknown Source)
	at java.util.concurrent.FutureTask.run(Unknown Source)
	at java.util.concurrent.ThreadPoolExecutor$Worker.runTask(Unknown Source)
	at java.util.concurrent.ThreadPoolExecutor$Worker.run(Unknown Source)
	at java.lang.Thread.run(Unknown Source)
org.openqa.selenium.ElementNotVisibleException: Element must be displayed to click (WARNING: The server did not provide any stacktrace information)
Command duration or timeout: 49 milliseconds
Build info: version: &apos;2.18.0&apos;, revision: &apos;15704&apos;, time: &apos;2012-07-21 01:03:50&apos;
System info: os.name: &apos;Windows 7&apos;, os.arch: &apos;x86&apos;, os.version: &apos;6.1&apos;, java.version: &apos;1.6.0_31&apos;
Driver info: driver.version: RemoteWebDriver
Command duration or timeout: 4.80 seconds
Build info: version: &apos;2.28.0&apos;, revision: &apos;18309&apos;, time: &apos;2012-12-11 15:53:30&apos;
System info: os.name: &apos;Windows 8&apos;, os.arch: &apos;x86&apos;, os.version: &apos;6.2&apos;, java.version: &apos;1.7.0_09&apos;
Session ID: 735a2fbc38894534ae3f2fd3fc613aae
Driver info: org.openqa.selenium.remote.RemoteWebDriver
Capabilities [{platform=XP, chrome.chromedriverVersion=23.0.1240.0, acceptSslCerts=false, javascriptEnabled=true, hasMetadata=true, browserName=chrome, rotatable=false, locationContextEnabled=false, version=22.0.1229.94, cssSelectorsEnabled=true, databaseEnabled=false, handlesAlerts=true, browserConnectionEnabled=false, webStorageEnabled=true, nativeEvents=true, chrome.nativeEvents=false, applicationCacheEnabled=false, takesScreenshot=true}]
	at sun.reflect.NativeConstructorAccessorImpl.newInstance0(Native Method)
	at sun.reflect.NativeConstructorAccessorImpl.newInstance(Unknown Source)
	at sun.reflect.DelegatingConstructorAccessorImpl.newInstance(Unknown Source)
	at java.lang.reflect.Constructor.newInstance(Unknown Source)
	at org.openqa.selenium.remote.ErrorHandler.createThrowable(ErrorHandler.java:187)
	at org.openqa.selenium.remote.ErrorHandler.throwIfResponseFailed(ErrorHandler.java:145)
	at org.openqa.selenium.remote.RemoteWebDriver.execute(RemoteWebDriver.java:533)
	at org.openqa.selenium.remote.RemoteWebElement.execute(RemoteWebElement.java:246)
	at org.openqa.selenium.remote.RemoteWebElement.click(RemoteWebElement.java:79)
	at com.saucelabs.ZalerioTest.config.GameUtil.closeGameEndPopUp(GameUtil.java:44)
	at com.saucelabs.ZalerioTest.config.UserLogin.Olduserlogin(UserLogin.java:75)
	at com.saucelabs.ZalerioTest.test.Zalerio2UserBaseTest.setUp(Zalerio2UserBaseTest.java:180)
	at sun.reflect.NativeMethodAccessorImpl.invoke0(Native Method)
	at sun.reflect.NativeMethodAccessorImpl.invoke(Unknown Source)
	at sun.reflect.DelegatingMethodAccessorImpl.invoke(Unknown Source)
	at java.lang.reflect.Method.invoke(Unknown Source)
	at org.junit.runners.model.FrameworkMethod$1.runReflectiveCall(FrameworkMethod.java:45)
	at org.junit.internal.runners.model.ReflectiveCallable.run(ReflectiveCallable.java:15)
	at org.junit.runners.model.FrameworkMethod.invokeExplosively(FrameworkMethod.java:42)
	at org.junit.internal.runners.statements.RunBefores.evaluate(RunBefores.java:27)
	at org.junit.internal.runners.statements.RunAfters.evaluate(RunAfters.java:30)
	at org.junit.rules.TestWatcher$1.evaluate(TestWatcher.java:47)
	at org.junit.rules.TestWatcher$1.evaluate(TestWatcher.java:47)
	at org.junit.rules.RunRules.evaluate(RunRules.java:18)
	at org.junit.runners.ParentRunner.runLeaf(ParentRunner.java:263)
	at org.junit.runners.BlockJUnit4ClassRunner.runChild(BlockJUnit4ClassRunner.java:68)
	at org.junit.runners.BlockJUnit4ClassRunner.runChild(BlockJUnit4ClassRunner.java:47)
	at org.junit.runners.ParentRunner$3.run(ParentRunner.java:231)
	at org.junit.runners.ParentRunner$1.schedule(ParentRunner.java:60)
	at org.junit.runners.ParentRunner.runChildren(ParentRunner.java:229)
	at org.junit.runners.ParentRunner.access$000(ParentRunner.java:50)
	at org.junit.runners.ParentRunner$2.evaluate(ParentRunner.java:222)
	at org.junit.runners.ParentRunner.run(ParentRunner.java:300)
	at org.apache.maven.surefire.junit4.JUnit4TestSet.execute(JUnit4TestSet.java:53)
	at org.apache.maven.surefire.junit4.JUnit4Provider.executeTestSet(JUnit4Provider.java:123)
	at org.apache.maven.surefire.junit4.JUnit4Provider.invoke(JUnit4Provider.java:104)
	at sun.reflect.NativeMethodAccessorImpl.invoke0(Native Method)
	at sun.reflect.NativeMethodAccessorImpl.invoke(Unknown Source)
	at sun.reflect.DelegatingMethodAccessorImpl.invoke(Unknown Source)
	at java.lang.reflect.Method.invoke(Unknown Source)
	at org.apache.maven.surefire.util.ReflectionUtils.invokeMethodWithArray(ReflectionUtils.java:164)
	at org.apache.maven.surefire.booter.ProviderFactory$ProviderProxy.invoke(ProviderFactory.java:110)
	at org.apache.maven.surefire.booter.SurefireStarter.invokeProvider(SurefireStarter.java:175)
	at org.apache.maven.surefire.booter.SurefireStarter.runSuitesInProcessWhenForked(SurefireStarter.java:107)
	at org.apache.maven.surefire.booter.ForkedBooter.main(ForkedBooter.java:68)
Caused by: org.openqa.selenium.ElementNotVisibleException: Element must be displayed to click (WARNING: The server did not provide any stacktrace information)
Command duration or timeout: 49 milliseconds
Build info: version: &apos;2.18.0&apos;, revision: &apos;15704&apos;, time: &apos;2012-07-21 01:03:50&apos;
System info: os.name: &apos;Windows 7&apos;, os.arch: &apos;x86&apos;, os.version: &apos;6.1&apos;, java.version: &apos;1.6.0_31&apos;
Driver info: driver.version: RemoteWebDriver
Build info: version: &apos;2.28.0&apos;, revision: &apos;18309&apos;, time: &apos;2012-12-11 15:53:30&apos;
System info: os.name: &apos;Windows 8&apos;, os.arch: &apos;x86&apos;, os.version: &apos;6.2&apos;, java.version: &apos;1.7.0_09&apos;
Driver info: driver.version: RemoteWebDriver
	at sun.reflect.NativeConstructorAccessorImpl.newInstance0(Native Method)
	at sun.reflect.NativeConstructorAccessorImpl.newInstance(Unknown Source)
	at sun.reflect.DelegatingConstructorAccessorImpl.newInstance(Unknown Source)
	at java.lang.reflect.Constructor.newInstance(Unknown Source)
	at org.openqa.selenium.remote.ErrorHandler.createThrowable(ErrorHandler.java:147)
	at org.openqa.selenium.remote.ErrorHandler.throwIfResponseFailed(ErrorHandler.java:113)
	at org.openqa.selenium.remote.RemoteWebDriver.execute(RemoteWebDriver.java:439)
	at org.openqa.selenium.remote.RemoteWebElement.execute(RemoteWebElement.java:231)
	at org.openqa.selenium.remote.RemoteWebElement.click(RemoteWebElement.java:72)
	at sun.reflect.NativeMethodAccessorImpl.invoke0(Native Method)
	at sun.reflect.NativeMethodAccessorImpl.invoke(Unknown Source)
	at sun.reflect.DelegatingMethodAccessorImpl.invoke(Unknown Source)
	at java.lang.reflect.Method.invoke(Unknown Source)
	at org.openqa.selenium.support.events.EventFiringWebDriver$EventFiringWebElement$1.invoke(EventFiringWebDriver.java:326)
	at $Proxy2.click(Unknown Source)
	at org.openqa.selenium.support.events.EventFiringWebDriver$EventFiringWebElement.click(EventFiringWebDriver.java:339)
	at sun.reflect.NativeMethodAccessorImpl.invoke0(Native Method)
	at sun.reflect.NativeMethodAccessorImpl.invoke(Unknown Source)
	at sun.reflect.DelegatingMethodAccessorImpl.invoke(Unknown Source)
	at java.lang.reflect.Method.invoke(Unknown Source)
	at org.openqa.selenium.remote.server.KnownElements$1.invoke(KnownElements.java:62)
	at $Proxy3.click(Unknown Source)
	at org.openqa.selenium.remote.server.handler.ClickElement.call(ClickElement.java:30)
	at org.openqa.selenium.remote.server.handler.ClickElement.call(ClickElement.java:1)
	at java.util.concurrent.FutureTask$Sync.innerRun(Unknown Source)
	at java.util.concurrent.FutureTask.run(Unknown Source)
	at java.util.concurrent.ThreadPoolExecutor$Worker.runTask(Unknown Source)
	at java.util.concurrent.ThreadPoolExecutor$Worker.run(Unknown Source)
	at java.lang.Thread.run(Unknown Source)
</system-err>
  </testcase>
  <testcase time="144.349" classname="com.saucelabs.ZalerioTest.test.Create3UserGameTest" name="createGame">
    <error message="ERROR Job 17a63933f3384caaae83fe0b7edf1fb8 is not in progress. It may have recently finished, or experienced an error. You can learn more at https://saucelabs.com/jobs/17a63933f3384caaae83fe0b7edf1fb8
Command duration or timeout: 4.74 seconds
Build info: version: &apos;2.28.0&apos;, revision: &apos;18309&apos;, time: &apos;2012-12-11 15:53:30&apos;
System info: os.name: &apos;Windows 8&apos;, os.arch: &apos;x86&apos;, os.version: &apos;6.2&apos;, java.version: &apos;1.7.0_09&apos;
Session ID: 17a63933f3384caaae83fe0b7edf1fb8
Driver info: org.openqa.selenium.remote.RemoteWebDriver
Capabilities [{platform=XP, chrome.chromedriverVersion=23.0.1240.0, acceptSslCerts=false, javascriptEnabled=true, hasMetadata=true, browserName=chrome, rotatable=false, locationContextEnabled=false, version=22.0.1229.94, cssSelectorsEnabled=true, databaseEnabled=false, handlesAlerts=true, browserConnectionEnabled=false, webStorageEnabled=true, nativeEvents=true, chrome.nativeEvents=false, applicationCacheEnabled=false, takesScreenshot=true}]" type="org.openqa.selenium.UnsupportedCommandException">org.openqa.selenium.UnsupportedCommandException: ERROR Job 17a63933f3384caaae83fe0b7edf1fb8 is not in progress. It may have recently finished, or experienced an error. You can learn more at https://saucelabs.com/jobs/17a63933f3384caaae83fe0b7edf1fb8
Command duration or timeout: 4.74 seconds
Build info: version: &apos;2.28.0&apos;, revision: &apos;18309&apos;, time: &apos;2012-12-11 15:53:30&apos;
System info: os.name: &apos;Windows 8&apos;, os.arch: &apos;x86&apos;, os.version: &apos;6.2&apos;, java.version: &apos;1.7.0_09&apos;
Session ID: 17a63933f3384caaae83fe0b7edf1fb8
Driver info: org.openqa.selenium.remote.RemoteWebDriver
Capabilities [{platform=XP, chrome.chromedriverVersion=23.0.1240.0, acceptSslCerts=false, javascriptEnabled=true, hasMetadata=true, browserName=chrome, rotatable=false, locationContextEnabled=false, version=22.0.1229.94, cssSelectorsEnabled=true, databaseEnabled=false, handlesAlerts=true, browserConnectionEnabled=false, webStorageEnabled=true, nativeEvents=true, chrome.nativeEvents=false, applicationCacheEnabled=false, takesScreenshot=true}]
	at sun.reflect.NativeConstructorAccessorImpl.newInstance0(Native Method)
	at sun.reflect.NativeConstructorAccessorImpl.newInstance(Unknown Source)
	at sun.reflect.DelegatingConstructorAccessorImpl.newInstance(Unknown Source)
	at java.lang.reflect.Constructor.newInstance(Unknown Source)
	at org.openqa.selenium.remote.ErrorHandler.createThrowable(ErrorHandler.java:187)
	at org.openqa.selenium.remote.ErrorHandler.throwIfResponseFailed(ErrorHandler.java:145)
	at org.openqa.selenium.remote.RemoteWebDriver.execute(RemoteWebDriver.java:533)
	at org.openqa.selenium.remote.RemoteWebDriver.execute(RemoteWebDriver.java:548)
	at org.openqa.selenium.remote.RemoteWebDriver.quit(RemoteWebDriver.java:406)
	at com.saucelabs.ZalerioTest.test.Zalerio2UserBaseTest.tearDown(Zalerio2UserBaseTest.java:194)
	at sun.reflect.NativeMethodAccessorImpl.invoke0(Native Method)
	at sun.reflect.NativeMethodAccessorImpl.invoke(Unknown Source)
	at sun.reflect.DelegatingMethodAccessorImpl.invoke(Unknown Source)
	at java.lang.reflect.Method.invoke(Unknown Source)
	at org.junit.runners.model.FrameworkMethod$1.runReflectiveCall(FrameworkMethod.java:45)
	at org.junit.internal.runners.model.ReflectiveCallable.run(ReflectiveCallable.java:15)
	at org.junit.runners.model.FrameworkMethod.invokeExplosively(FrameworkMethod.java:42)
	at org.junit.internal.runners.statements.RunAfters.evaluate(RunAfters.java:36)
	at org.junit.rules.TestWatcher$1.evaluate(TestWatcher.java:47)
	at org.junit.rules.TestWatcher$1.evaluate(TestWatcher.java:47)
	at org.junit.rules.RunRules.evaluate(RunRules.java:18)
	at org.junit.runners.ParentRunner.runLeaf(ParentRunner.java:263)
	at org.junit.runners.BlockJUnit4ClassRunner.runChild(BlockJUnit4ClassRunner.java:68)
	at org.junit.runners.BlockJUnit4ClassRunner.runChild(BlockJUnit4ClassRunner.java:47)
	at org.junit.runners.ParentRunner$3.run(ParentRunner.java:231)
	at org.junit.runners.ParentRunner$1.schedule(ParentRunner.java:60)
	at org.junit.runners.ParentRunner.runChildren(ParentRunner.java:229)
	at org.junit.runners.ParentRunner.access$000(ParentRunner.java:50)
	at org.junit.runners.ParentRunner$2.evaluate(ParentRunner.java:222)
	at org.junit.runners.ParentRunner.run(ParentRunner.java:300)
	at org.apache.maven.surefire.junit4.JUnit4TestSet.execute(JUnit4TestSet.java:53)
	at org.apache.maven.surefire.junit4.JUnit4Provider.executeTestSet(JUnit4Provider.java:123)
	at org.apache.maven.surefire.junit4.JUnit4Provider.invoke(JUnit4Provider.java:104)
	at sun.reflect.NativeMethodAccessorImpl.invoke0(Native Method)
	at sun.reflect.NativeMethodAccessorImpl.invoke(Unknown Source)
	at sun.reflect.DelegatingMethodAccessorImpl.invoke(Unknown Source)
	at java.lang.reflect.Method.invoke(Unknown Source)
	at org.apache.maven.surefire.util.ReflectionUtils.invokeMethodWithArray(ReflectionUtils.java:164)
	at org.apache.maven.surefire.booter.ProviderFactory$ProviderProxy.invoke(ProviderFactory.java:110)
	at org.apache.maven.surefire.booter.SurefireStarter.invokeProvider(SurefireStarter.java:175)
	at org.apache.maven.surefire.booter.SurefireStarter.runSuitesInProcessWhenForked(SurefireStarter.java:107)
	at org.apache.maven.surefire.booter.ForkedBooter.main(ForkedBooter.java:68)
</error>
  </testcase>
</testsuite>